
VCFtools - 0.1.17
(C) Adam Auton and Anthony Marcketta 2009

Parameters as interpreted:
	--vcf /home/faculty/asethuraman/Documents/MichaelK/Models/Model1/replicate7/model1_replicate7.vcf
	--fst-window-size 100
	--fst-window-step 100
	--weir-fst-pop pop1.txt
	--weir-fst-pop pop2.txt
	--keep pop1.txt
	--keep pop2.txt
	--stdout

Keeping individuals in 'keep' list
After filtering, kept 20 out of 30 Individuals
Outputting Windowed Weir and Cockerham Fst estimates.
Weir and Cockerham mean Fst estimate: -0.0083441
Weir and Cockerham weighted Fst estimate: -0.0072836
After filtering, kept 100 out of a possible 100 Sites
Run Time = 0.00 seconds

VCFtools - 0.1.17
(C) Adam Auton and Anthony Marcketta 2009

Parameters as interpreted:
	--vcf /home/faculty/asethuraman/Documents/MichaelK/Models/Model1/replicate7/model1_replicate7.vcf
	--fst-window-size 100
	--fst-window-step 100
	--weir-fst-pop pop1.txt
	--weir-fst-pop pop3.txt
	--keep pop1.txt
	--keep pop3.txt
	--stdout

Keeping individuals in 'keep' list
After filtering, kept 20 out of 30 Individuals
Outputting Windowed Weir and Cockerham Fst estimates.
Weir and Cockerham mean Fst estimate: 0.0047378
Weir and Cockerham weighted Fst estimate: 0.0097629
After filtering, kept 100 out of a possible 100 Sites
Run Time = 0.00 seconds

VCFtools - 0.1.17
(C) Adam Auton and Anthony Marcketta 2009

Parameters as interpreted:
	--vcf /home/faculty/asethuraman/Documents/MichaelK/Models/Model1/replicate7/model1_replicate7.vcf
	--fst-window-size 100
	--fst-window-step 100
	--weir-fst-pop pop2.txt
	--weir-fst-pop pop3.txt
	--keep pop2.txt
	--keep pop3.txt
	--stdout

Keeping individuals in 'keep' list
After filtering, kept 20 out of 30 Individuals
Outputting Windowed Weir and Cockerham Fst estimates.
Weir and Cockerham mean Fst estimate: -0.006918
Weir and Cockerham weighted Fst estimate: -0.0055511
After filtering, kept 100 out of a possible 100 Sites
Run Time = 0.00 seconds
