
VCFtools - 0.1.17
(C) Adam Auton and Anthony Marcketta 2009

Parameters as interpreted:
	--vcf model1_replicate2_17.vcf
	--fst-window-size 100
	--fst-window-step 100
	--weir-fst-pop pop1.txt
	--weir-fst-pop pop2.txt
	--weir-fst-pop ghost.txt
	--keep pop1.txt
	--keep pop2.txt
	--keep ghost.txt
	--out model1_replicate2_17.vcf.3pop.fst

Keeping individuals in 'keep' list
After filtering, kept 30 out of 30 Individuals
Outputting Windowed Weir and Cockerham Fst estimates.
Weir and Cockerham mean Fst estimate: 0.058143
Weir and Cockerham weighted Fst estimate: 0.092569
After filtering, kept 5 out of a possible 5 Sites
Run Time = 0.00 seconds
