PLINK v1.90b6.26 64-bit (2 Apr 2022)
Options in effect:
  --out replicate1.str
  --recode structure
  --vcf replicate1.vcf

Hostname: LAPTOP-MOEBECHI
Working directory: /home/michael/GhostPopulationSimulation/Melissa_Simulated_Data/Melissa_Model5
Start time: Fri Jun  3 15:24:43 2022

Random number seed: 1654295083
12310 MB RAM detected; reserving 6155 MB for main workspace.
--vcf: replicate1.str-temporary.bed + replicate1.str-temporary.bim +
replicate1.str-temporary.fam written.
2742 variants loaded from .bim file.
30 people (0 males, 0 females, 30 ambiguous) loaded from .fam.
Ambiguous sex IDs written to replicate1.str.nosex .
Using 1 thread (no multithreaded calculations invoked).
Before main variant filters, 30 founders and 0 nonfounders present.
Calculating allele frequencies... done.
Total genotyping rate is 0.992852.
2742 variants and 30 people pass filters and QC.
Note: No phenotypes present.
--recode structure to replicate1.str.recode.strct_in ... done.

End time: Fri Jun  3 15:24:43 2022
