
VCFtools - 0.1.17
(C) Adam Auton and Anthony Marcketta 2009

Parameters as interpreted:
	--vcf /home/faculty/asethuraman/Documents/MichaelK/Models/Model2/replicate7/model2_replicate7.vcf
	--fst-window-size 100
	--fst-window-step 100
	--weir-fst-pop pop1.txt
	--weir-fst-pop pop2.txt
	--keep pop1.txt
	--keep pop2.txt
	--stdout

Keeping individuals in 'keep' list
After filtering, kept 20 out of 30 Individuals
Outputting Windowed Weir and Cockerham Fst estimates.
Weir and Cockerham mean Fst estimate: -0.0055637
Weir and Cockerham weighted Fst estimate: -0.0038421
After filtering, kept 100 out of a possible 100 Sites
Run Time = 0.00 seconds

VCFtools - 0.1.17
(C) Adam Auton and Anthony Marcketta 2009

Parameters as interpreted:
	--vcf /home/faculty/asethuraman/Documents/MichaelK/Models/Model2/replicate7/model2_replicate7.vcf
	--fst-window-size 100
	--fst-window-step 100
	--weir-fst-pop pop1.txt
	--weir-fst-pop pop3.txt
	--keep pop1.txt
	--keep pop3.txt
	--stdout

Keeping individuals in 'keep' list
After filtering, kept 20 out of 30 Individuals
Outputting Windowed Weir and Cockerham Fst estimates.
Weir and Cockerham mean Fst estimate: -0.014007
Weir and Cockerham weighted Fst estimate: -0.013572
After filtering, kept 100 out of a possible 100 Sites
Run Time = 0.00 seconds

VCFtools - 0.1.17
(C) Adam Auton and Anthony Marcketta 2009

Parameters as interpreted:
	--vcf /home/faculty/asethuraman/Documents/MichaelK/Models/Model2/replicate7/model2_replicate7.vcf
	--fst-window-size 100
	--fst-window-step 100
	--weir-fst-pop pop2.txt
	--weir-fst-pop pop3.txt
	--keep pop2.txt
	--keep pop3.txt
	--stdout

Keeping individuals in 'keep' list
After filtering, kept 20 out of 30 Individuals
Outputting Windowed Weir and Cockerham Fst estimates.
Weir and Cockerham mean Fst estimate: 0.0013098
Weir and Cockerham weighted Fst estimate: 0.0032712
After filtering, kept 100 out of a possible 100 Sites
Run Time = 0.00 seconds
