
VCFtools - 0.1.17
(C) Adam Auton and Anthony Marcketta 2009

Parameters as interpreted:
	--vcf /home/faculty/asethuraman/Documents/MichaelK/Models/Model15/replicate2/model15_replicate2.vcf
	--fst-window-size 100
	--fst-window-step 100
	--weir-fst-pop pop1.txt
	--weir-fst-pop pop2.txt
	--keep pop1.txt
	--keep pop2.txt
	--stdout

Keeping individuals in 'keep' list
After filtering, kept 20 out of 30 Individuals
Outputting Windowed Weir and Cockerham Fst estimates.
Weir and Cockerham mean Fst estimate: -0.0092322
Weir and Cockerham weighted Fst estimate: -0.0086298
After filtering, kept 100 out of a possible 100 Sites
Run Time = 0.00 seconds

VCFtools - 0.1.17
(C) Adam Auton and Anthony Marcketta 2009

Parameters as interpreted:
	--vcf /home/faculty/asethuraman/Documents/MichaelK/Models/Model15/replicate2/model15_replicate2.vcf
	--fst-window-size 100
	--fst-window-step 100
	--weir-fst-pop pop1.txt
	--weir-fst-pop pop3.txt
	--keep pop1.txt
	--keep pop3.txt
	--stdout

Keeping individuals in 'keep' list
After filtering, kept 20 out of 30 Individuals
Outputting Windowed Weir and Cockerham Fst estimates.
Weir and Cockerham mean Fst estimate: -0.0082887
Weir and Cockerham weighted Fst estimate: -0.0075619
After filtering, kept 100 out of a possible 100 Sites
Run Time = 0.00 seconds

VCFtools - 0.1.17
(C) Adam Auton and Anthony Marcketta 2009

Parameters as interpreted:
	--vcf /home/faculty/asethuraman/Documents/MichaelK/Models/Model15/replicate2/model15_replicate2.vcf
	--fst-window-size 100
	--fst-window-step 100
	--weir-fst-pop pop2.txt
	--weir-fst-pop pop3.txt
	--keep pop2.txt
	--keep pop3.txt
	--stdout

Keeping individuals in 'keep' list
After filtering, kept 20 out of 30 Individuals
Outputting Windowed Weir and Cockerham Fst estimates.
Weir and Cockerham mean Fst estimate: -0.01052
Weir and Cockerham weighted Fst estimate: -0.010013
After filtering, kept 100 out of a possible 100 Sites
Run Time = 0.00 seconds
